  Pacman.cpp
E:\Visual Studio\VC\Tools\MSVC\14.23.28105\include\vector(1706,1): warning C4251: 'std::vector<S2D::Input::Keys,std::allocator<_Ty>>::_Mypair': class 'std::_Compressed_pair<std::allocator<_Ty>,std::_Vector_val<std::_Simple_types<_Ty>>,true>' needs to have dll-interface to be used by clients of class 'std::vector<S2D::Input::Keys,std::allocator<_Ty>>'
E:\Visual Studio\VC\Tools\MSVC\14.23.28105\include\vector(1706,1): warning C4251:         with
E:\Visual Studio\VC\Tools\MSVC\14.23.28105\include\vector(1706,1): warning C4251:         [
E:\Visual Studio\VC\Tools\MSVC\14.23.28105\include\vector(1706,1): warning C4251:             _Ty=S2D::Input::Keys
E:\Visual Studio\VC\Tools\MSVC\14.23.28105\include\vector(1706,1): warning C4251:         ]
E:\Visual Studio\VC\Tools\MSVC\14.23.28105\include\vector(1706): message : see declaration of 'std::_Compressed_pair<std::allocator<_Ty>,std::_Vector_val<std::_Simple_types<_Ty>>,true>'
E:\Visual Studio\VC\Tools\MSVC\14.23.28105\include\vector(1706): message :         with
E:\Visual Studio\VC\Tools\MSVC\14.23.28105\include\vector(1706): message :         [
E:\Visual Studio\VC\Tools\MSVC\14.23.28105\include\vector(1706): message :             _Ty=S2D::Input::Keys
E:\Visual Studio\VC\Tools\MSVC\14.23.28105\include\vector(1706): message :         ]
D:\GITHUB\FOGGS\Semester 1\Pacman\Pacman\S2D\Input.h(108): message : see reference to class template instantiation 'std::vector<S2D::Input::Keys,std::allocator<_Ty>>' being compiled
D:\GITHUB\FOGGS\Semester 1\Pacman\Pacman\S2D\Input.h(108): message :         with
D:\GITHUB\FOGGS\Semester 1\Pacman\Pacman\S2D\Input.h(108): message :         [
D:\GITHUB\FOGGS\Semester 1\Pacman\Pacman\S2D\Input.h(108): message :             _Ty=S2D::Input::Keys
D:\GITHUB\FOGGS\Semester 1\Pacman\Pacman\S2D\Input.h(108): message :         ]
D:\GITHUB\FOGGS\Semester 1\Pacman\Pacman\Pacman.cpp(16,12): warning C4244: 'argument': conversion from 'time_t' to 'unsigned int', possible loss of data
D:\GITHUB\FOGGS\Semester 1\Pacman\Pacman\Pacman.cpp(303,53): warning C4244: 'argument': conversion from 'float' to 'int', possible loss of data
D:\GITHUB\FOGGS\Semester 1\Pacman\Pacman\Pacman.cpp(303,26): warning C4244: 'argument': conversion from 'float' to 'int', possible loss of data
D:\GITHUB\FOGGS\Semester 1\Pacman\Pacman\Pacman.cpp(302,63): warning C4244: 'argument': conversion from 'float' to 'int', possible loss of data
D:\GITHUB\FOGGS\Semester 1\Pacman\Pacman\Pacman.cpp(302,40): warning C4244: 'argument': conversion from 'float' to 'int', possible loss of data
D:\GITHUB\FOGGS\Semester 1\Pacman\Pacman\Pacman.cpp(306,31): warning C4244: '+=': conversion from 'float' to 'int', possible loss of data
D:\GITHUB\FOGGS\Semester 1\Pacman\Pacman\Pacman.cpp(312,44): warning C4244: 'argument': conversion from 'float' to 'int', possible loss of data
D:\GITHUB\FOGGS\Semester 1\Pacman\Pacman\Pacman.cpp(312,21): warning C4244: 'argument': conversion from 'float' to 'int', possible loss of data
D:\GITHUB\FOGGS\Semester 1\Pacman\Pacman\Pacman.cpp(311,62): warning C4244: 'argument': conversion from 'float' to 'int', possible loss of data
D:\GITHUB\FOGGS\Semester 1\Pacman\Pacman\Pacman.cpp(311,39): warning C4244: 'argument': conversion from 'float' to 'int', possible loss of data
D:\GITHUB\FOGGS\Semester 1\Pacman\Pacman\Pacman.cpp(315,31): warning C4244: '+=': conversion from 'float' to 'int', possible loss of data
D:\GITHUB\FOGGS\Semester 1\Pacman\Pacman\Pacman.cpp(321,57): warning C4244: 'argument': conversion from 'float' to 'int', possible loss of data
D:\GITHUB\FOGGS\Semester 1\Pacman\Pacman\Pacman.cpp(321,28): warning C4244: 'argument': conversion from 'float' to 'int', possible loss of data
D:\GITHUB\FOGGS\Semester 1\Pacman\Pacman\Pacman.cpp(320,63): warning C4244: 'argument': conversion from 'float' to 'int', possible loss of data
D:\GITHUB\FOGGS\Semester 1\Pacman\Pacman\Pacman.cpp(320,40): warning C4244: 'argument': conversion from 'float' to 'int', possible loss of data
D:\GITHUB\FOGGS\Semester 1\Pacman\Pacman\Pacman.cpp(329,33): warning C4244: '+=': conversion from 'float' to 'int', possible loss of data
D:\GITHUB\FOGGS\Semester 1\Pacman\Pacman\Pacman.cpp(344,88): warning C4244: 'argument': conversion from 'int' to 'float', possible loss of data
D:\GITHUB\FOGGS\Semester 1\Pacman\Pacman\Pacman.cpp(344,65): warning C4244: 'argument': conversion from 'int' to 'float', possible loss of data
D:\GITHUB\FOGGS\Semester 1\Pacman\Pacman\Pacman.cpp(455,95): warning C4244: '=': conversion from 'int' to 'float', possible loss of data
D:\GITHUB\FOGGS\Semester 1\Pacman\Pacman\Pacman.cpp(461,57): warning C4244: '=': conversion from 'int' to 'float', possible loss of data
D:\GITHUB\FOGGS\Semester 1\Pacman\Pacman\Pacman.cpp(467,58): warning C4244: '=': conversion from 'int' to 'float', possible loss of data
D:\GITHUB\FOGGS\Semester 1\Pacman\Pacman\Pacman.cpp(473,97): warning C4244: '=': conversion from 'int' to 'float', possible loss of data
D:\GITHUB\FOGGS\Semester 1\Pacman\Pacman\Pacman.cpp(482,57): warning C4244: '=': conversion from 'int' to 'float', possible loss of data
D:\GITHUB\FOGGS\Semester 1\Pacman\Pacman\Pacman.cpp(486,57): warning C4244: '=': conversion from 'int' to 'float', possible loss of data
D:\GITHUB\FOGGS\Semester 1\Pacman\Pacman\Pacman.cpp(490,58): warning C4244: '=': conversion from 'int' to 'float', possible loss of data
D:\GITHUB\FOGGS\Semester 1\Pacman\Pacman\Pacman.cpp(494,59): warning C4244: '=': conversion from 'int' to 'float', possible loss of data
D:\GITHUB\FOGGS\Semester 1\Pacman\Pacman\Pacman.cpp(535,42): warning C4244: 'argument': conversion from 'int' to 'float', possible loss of data
D:\GITHUB\FOGGS\Semester 1\Pacman\Pacman\Pacman.cpp(535,39): warning C4244: 'argument': conversion from 'int' to 'float', possible loss of data
D:\GITHUB\FOGGS\Semester 1\Pacman\Pacman\Pacman.cpp(538,41): warning C4244: 'argument': conversion from 'int' to 'float', possible loss of data
D:\GITHUB\FOGGS\Semester 1\Pacman\Pacman\Pacman.cpp(538,38): warning C4244: 'argument': conversion from 'int' to 'float', possible loss of data
D:\GITHUB\FOGGS\Semester 1\Pacman\Pacman\Pacman.cpp(598,38): warning C4244: 'argument': conversion from 'int' to 'float', possible loss of data
D:\GITHUB\FOGGS\Semester 1\Pacman\Pacman\Pacman.cpp(598,36): warning C4244: 'argument': conversion from 'int' to 'float', possible loss of data
D:\GITHUB\FOGGS\Semester 1\Pacman\Pacman\Pacman.cpp(652,65): warning C4244: 'argument': conversion from 'float' to 'int', possible loss of data
D:\GITHUB\FOGGS\Semester 1\Pacman\Pacman\Pacman.cpp(652,42): warning C4244: 'argument': conversion from 'float' to 'int', possible loss of data
D:\GITHUB\FOGGS\Semester 1\Pacman\Pacman\Pacman.cpp(657,40): warning C4244: 'argument': conversion from 'int' to 'float', possible loss of data
D:\GITHUB\FOGGS\Semester 1\Pacman\Pacman\Pacman.cpp(657,37): warning C4244: 'argument': conversion from 'int' to 'float', possible loss of data
D:\GITHUB\FOGGS\Semester 1\Pacman\Pacman\Pacman.cpp(658,43): warning C4244: 'argument': conversion from 'int' to 'float', possible loss of data
D:\GITHUB\FOGGS\Semester 1\Pacman\Pacman\Pacman.cpp(658,40): warning C4244: 'argument': conversion from 'int' to 'float', possible loss of data
D:\GITHUB\FOGGS\Semester 1\Pacman\Pacman\Pacman.cpp(673,11): warning C4930: 'std::ifstream close(void)': prototyped function not called (was a variable definition intended?)
D:\GITHUB\FOGGS\Semester 1\Pacman\Pacman\Pacman.cpp(771,89): warning C4244: 'argument': conversion from 'int' to 'float', possible loss of data
D:\GITHUB\FOGGS\Semester 1\Pacman\Pacman\Pacman.cpp(771,66): warning C4244: 'argument': conversion from 'int' to 'float', possible loss of data
D:\GITHUB\FOGGS\Semester 1\Pacman\Pacman\Pacman.cpp(779,89): warning C4244: 'argument': conversion from 'int' to 'float', possible loss of data
D:\GITHUB\FOGGS\Semester 1\Pacman\Pacman\Pacman.cpp(779,66): warning C4244: 'argument': conversion from 'int' to 'float', possible loss of data
D:\GITHUB\FOGGS\Semester 1\Pacman\Pacman\Pacman.cpp(829,41): warning C4244: '=': conversion from 'int' to 'float', possible loss of data
D:\GITHUB\FOGGS\Semester 1\Pacman\Pacman\Pacman.cpp(830,41): warning C4244: '=': conversion from 'int' to 'float', possible loss of data
D:\GITHUB\FOGGS\Semester 1\Pacman\Pacman\Pacman.cpp(871,38): warning C4244: '=': conversion from 'int' to 'float', possible loss of data
D:\GITHUB\FOGGS\Semester 1\Pacman\Pacman\Pacman.cpp(872,38): warning C4244: '=': conversion from 'int' to 'float', possible loss of data
D:\GITHUB\FOGGS\Semester 1\Pacman\Pacman\Pacman.cpp(901,38): warning C4244: 'argument': conversion from 'int' to 'float', possible loss of data
D:\GITHUB\FOGGS\Semester 1\Pacman\Pacman\Pacman.cpp(901,35): warning C4244: 'argument': conversion from 'int' to 'float', possible loss of data
D:\GITHUB\FOGGS\Semester 1\Pacman\Pacman\Pacman.cpp(909,50): warning C4244: 'argument': conversion from 'int' to 'float', possible loss of data
D:\GITHUB\FOGGS\Semester 1\Pacman\Pacman\Pacman.cpp(909,44): warning C4244: 'argument': conversion from 'int' to 'float', possible loss of data
D:\GITHUB\FOGGS\Semester 1\Pacman\Pacman\Pacman.cpp(985,90): warning C4244: 'argument': conversion from 'int' to 'float', possible loss of data
D:\GITHUB\FOGGS\Semester 1\Pacman\Pacman\Pacman.cpp(985,67): warning C4244: 'argument': conversion from 'int' to 'float', possible loss of data
D:\GITHUB\FOGGS\Semester 1\Pacman\Pacman\Pacman.cpp(984,114): warning C4244: 'argument': conversion from 'int' to 'float', possible loss of data
D:\GITHUB\FOGGS\Semester 1\Pacman\Pacman\Pacman.cpp(995,90): warning C4244: 'argument': conversion from 'int' to 'float', possible loss of data
D:\GITHUB\FOGGS\Semester 1\Pacman\Pacman\Pacman.cpp(995,67): warning C4244: 'argument': conversion from 'int' to 'float', possible loss of data
D:\GITHUB\FOGGS\Semester 1\Pacman\Pacman\Pacman.cpp(994,111): warning C4244: 'argument': conversion from 'int' to 'float', possible loss of data
D:\GITHUB\FOGGS\Semester 1\Pacman\Pacman\Pacman.cpp(1059,61): warning C4244: '=': conversion from 'int' to 'float', possible loss of data
D:\GITHUB\FOGGS\Semester 1\Pacman\Pacman\Pacman.cpp(1081,80): warning C4244: '=': conversion from 'int' to 'float', possible loss of data
D:\GITHUB\FOGGS\Semester 1\Pacman\Pacman\Pacman.cpp(1085,80): warning C4244: '=': conversion from 'int' to 'float', possible loss of data
D:\GITHUB\FOGGS\Semester 1\Pacman\Pacman\Pacman.cpp(1089,80): warning C4244: '=': conversion from 'int' to 'float', possible loss of data
D:\GITHUB\FOGGS\Semester 1\Pacman\Pacman\Pacman.cpp(1093,58): warning C4244: '=': conversion from 'int' to 'float', possible loss of data
D:\GITHUB\FOGGS\Semester 1\Pacman\Pacman\Pacman.cpp(1097,56): warning C4244: '=': conversion from 'int' to 'float', possible loss of data
  Pacman.vcxproj -> D:\GITHUB\FOGGS\Semester 1\Pacman\Debug\Pacman.exe
