d:\github\foggs\semester 2\opengl\opengl\debug\vc142.pdb
d:\github\foggs\semester 2\opengl\opengl\debug\vc142.idb
d:\github\foggs\semester 2\opengl\opengl\debug\sceneobject.obj
d:\github\foggs\semester 2\opengl\opengl\debug\meshloader.obj
d:\github\foggs\semester 2\opengl\opengl\debug\flyingobjects.obj
d:\github\foggs\semester 2\opengl\opengl\debug\bitmap.obj
d:\github\foggs\semester 2\opengl\opengl\debug\glutcallbacks.obj
d:\github\foggs\semester 2\opengl\opengl\debug\hellogl.obj
d:\github\foggs\semester 2\opengl\opengl\debug\main.obj
d:\github\foggs\semester 2\opengl\opengl\debug\staticobjects.obj
d:\github\foggs\semester 2\opengl\opengl\debug\texture2d.obj
d:\github\foggs\semester 2\opengl\debug\opengl.exe
d:\github\foggs\semester 2\opengl\debug\opengl.ilk
d:\github\foggs\semester 2\opengl\debug\opengl.pdb
d:\github\foggs\semester 2\opengl\opengl\debug\cube.obj
d:\github\foggs\semester 2\opengl\opengl\debug\opengl.tlog\cl.command.1.tlog
d:\github\foggs\semester 2\opengl\opengl\debug\opengl.tlog\cl.read.1.tlog
d:\github\foggs\semester 2\opengl\opengl\debug\opengl.tlog\cl.write.1.tlog
d:\github\foggs\semester 2\opengl\opengl\debug\opengl.tlog\link.command.1.tlog
d:\github\foggs\semester 2\opengl\opengl\debug\opengl.tlog\link.read.1.tlog
d:\github\foggs\semester 2\opengl\opengl\debug\opengl.tlog\link.write.1.tlog
